d:\users\dominic\documents\github\beebem-windows\src\hardware\resid\release\resid.pdb
d:\users\dominic\documents\github\beebem-windows\src\hardware\resid\release\wave8580__st.obj
d:\users\dominic\documents\github\beebem-windows\src\hardware\resid\release\wave8580_p_t.obj
d:\users\dominic\documents\github\beebem-windows\src\hardware\resid\release\wave8580_ps_.obj
d:\users\dominic\documents\github\beebem-windows\src\hardware\resid\release\wave8580_pst.obj
d:\users\dominic\documents\github\beebem-windows\src\hardware\resid\release\wave6581__st.obj
d:\users\dominic\documents\github\beebem-windows\src\hardware\resid\release\wave6581_p_t.obj
d:\users\dominic\documents\github\beebem-windows\src\hardware\resid\release\wave6581_ps_.obj
d:\users\dominic\documents\github\beebem-windows\src\hardware\resid\release\wave6581_pst.obj
d:\users\dominic\documents\github\beebem-windows\src\hardware\resid\release\wave.obj
d:\users\dominic\documents\github\beebem-windows\src\hardware\resid\release\voice.obj
d:\users\dominic\documents\github\beebem-windows\src\hardware\resid\release\version.obj
d:\users\dominic\documents\github\beebem-windows\src\hardware\resid\release\sid.obj
d:\users\dominic\documents\github\beebem-windows\src\hardware\resid\release\pot.obj
d:\users\dominic\documents\github\beebem-windows\src\hardware\resid\release\filter.obj
d:\users\dominic\documents\github\beebem-windows\src\hardware\resid\release\extfilt.obj
d:\users\dominic\documents\github\beebem-windows\src\hardware\resid\release\envelope.obj
d:\users\dominic\documents\github\beebem-windows\src\release\resid.lib
d:\users\dominic\documents\github\beebem-windows\src\hardware\resid\release\resid.tlog\cl.command.1.tlog
d:\users\dominic\documents\github\beebem-windows\src\hardware\resid\release\resid.tlog\cl.read.1.tlog
d:\users\dominic\documents\github\beebem-windows\src\hardware\resid\release\resid.tlog\cl.write.1.tlog
d:\users\dominic\documents\github\beebem-windows\src\hardware\resid\release\resid.tlog\lib-link.read.1.tlog
d:\users\dominic\documents\github\beebem-windows\src\hardware\resid\release\resid.tlog\lib-link.write.1.tlog
d:\users\dominic\documents\github\beebem-windows\src\hardware\resid\release\resid.tlog\lib.command.1.tlog
